<?xml version="1.0" encoding="UTF-8"?>
<testng-results skipped="0" failed="0" ignored="0" total="1" passed="1">
  <reporter-output>
  </reporter-output>
  <suite name="Default suite" duration-ms="14342" started-at="2019-02-15T05:26:37Z" finished-at="2019-02-15T05:26:51Z">
    <groups>
    </groups>
    <test name="Default test" duration-ms="14342" started-at="2019-02-15T05:26:37Z" finished-at="2019-02-15T05:26:51Z">
      <class name="com.QWorks.Test.LoginPage">
        <test-method status="PASS" signature="setup()[pri:0, instance:com.QWorks.Test.LoginPage@8b87145]" name="setup" is-config="true" duration-ms="125" started-at="2019-02-15T05:26:37Z" finished-at="2019-02-15T05:26:37Z">
          <reporter-output>
          </reporter-output>
        </test-method> <!-- setup -->
        <test-method status="PASS" signature="chromeBrowser()[pri:0, instance:com.QWorks.Test.LoginPage@8b87145]" name="chromeBrowser" is-config="true" duration-ms="3678" started-at="2019-02-15T05:26:37Z" finished-at="2019-02-15T05:26:40Z">
          <reporter-output>
          </reporter-output>
        </test-method> <!-- chromeBrowser -->
        <test-method status="PASS" signature="userLogin()[pri:0, instance:com.QWorks.Test.LoginPage@8b87145]" name="userLogin" duration-ms="10566" started-at="2019-02-15T05:26:40Z" finished-at="2019-02-15T05:26:51Z">
          <reporter-output>
          </reporter-output>
        </test-method> <!-- userLogin -->
        <test-method status="PASS" signature="closeDriver()[pri:0, instance:com.QWorks.Test.LoginPage@8b87145]" name="closeDriver" is-config="true" duration-ms="84" started-at="2019-02-15T05:26:51Z" finished-at="2019-02-15T05:26:51Z">
          <reporter-output>
          </reporter-output>
        </test-method> <!-- closeDriver -->
        <test-method status="PASS" signature="tearDown()[pri:0, instance:com.QWorks.Test.LoginPage@8b87145]" name="tearDown" is-config="true" duration-ms="167" started-at="2019-02-15T05:26:51Z" finished-at="2019-02-15T05:26:51Z">
          <reporter-output>
          </reporter-output>
        </test-method> <!-- tearDown -->
      </class> <!-- com.QWorks.Test.LoginPage -->
    </test> <!-- Default test -->
  </suite> <!-- Default suite -->
</testng-results>
